<?xml version="1.0" encoding="UTF-8"?>
<!-- Generated by org.testng.reporters.JUnitReportReporter -->
<testsuite hostname="AdrianPCGamer" failures="0" tests="5" name="testCase.TestCase_01" time="8.191" errors="0" timestamp="2023-11-14T08:28:48 CST" skipped="0">
  <testcase classname="testCase.TestCase_01" name="ValidateMenu" time="1.650"/>
  <testcase classname="testCase.TestCase_01" name="WindowTab" time="0.475"/>
  <testcase classname="testCase.TestCase_01" name="SearchVS" time="2.049"/>
  <testcase classname="testCase.TestCase_01" name="PricesValidation" time="0.387"/>
  <testcase classname="testCase.TestCase_01" name="CartValidation" time="3.630"/>
</testsuite> <!-- testCase.TestCase_01 -->
