<?xml version="1.0" encoding="UTF-8"?>
<!-- Generated by org.testng.reporters.JUnitReportReporter -->
<testsuite ignored="0" hostname="AdrianPCGamer" failures="0" tests="1" name="test.TestSel" time="1.950" errors="0" timestamp="26 mar. 2022 16:52:54 GMT" skipped="0">
  <testcase classname="test.TestSel" name="selenium_test01" time="1.950"/>
</testsuite> <!-- test.TestSel -->
